mode: set
showcal-backend-go/tvshowdata/tvshowdata.go:77.49,80.49 2 1
showcal-backend-go/tvshowdata/tvshowdata.go:85.2,87.16 3 1
showcal-backend-go/tvshowdata/tvshowdata.go:92.2,93.16 2 1
showcal-backend-go/tvshowdata/tvshowdata.go:97.2,97.12 1 1
showcal-backend-go/tvshowdata/tvshowdata.go:80.49,82.3 1 1
showcal-backend-go/tvshowdata/tvshowdata.go:87.16,90.3 1 1
showcal-backend-go/tvshowdata/tvshowdata.go:93.16,95.3 1 1
showcal-backend-go/tvshowdata/tvshowdata.go:106.48,108.2 1 1
showcal-backend-go/tvshowdata/tvshowdata.go:111.52,114.55 2 1
showcal-backend-go/tvshowdata/tvshowdata.go:118.2,119.12 2 1
showcal-backend-go/tvshowdata/tvshowdata.go:114.55,116.3 1 1
showcal-backend-go/tvshowdata/tvshowdata.go:123.56,125.16 2 0
showcal-backend-go/tvshowdata/tvshowdata.go:130.2,130.44 1 0
showcal-backend-go/tvshowdata/tvshowdata.go:125.16,128.3 2 0
showcal-backend-go/tvshowdata/tvshowdata.go:134.50,136.16 2 0
showcal-backend-go/tvshowdata/tvshowdata.go:141.2,141.53 1 0
showcal-backend-go/tvshowdata/tvshowdata.go:136.16,139.3 2 0
showcal-backend-go/tvshowdata/tvshowdata.go:145.42,149.16 3 0
showcal-backend-go/tvshowdata/tvshowdata.go:153.2,155.38 2 0
showcal-backend-go/tvshowdata/tvshowdata.go:161.2,162.16 2 0
showcal-backend-go/tvshowdata/tvshowdata.go:167.2,167.31 1 0
showcal-backend-go/tvshowdata/tvshowdata.go:149.16,152.3 2 0
showcal-backend-go/tvshowdata/tvshowdata.go:155.38,159.3 3 0
showcal-backend-go/tvshowdata/tvshowdata.go:162.16,165.3 2 0
showcal-backend-go/tvshowdata/tvshowdata.go:171.68,174.21 3 0
showcal-backend-go/tvshowdata/tvshowdata.go:178.2,178.43 1 0
showcal-backend-go/tvshowdata/tvshowdata.go:184.2,185.16 2 0
showcal-backend-go/tvshowdata/tvshowdata.go:189.2,189.18 1 0
showcal-backend-go/tvshowdata/tvshowdata.go:195.2,196.23 2 0
showcal-backend-go/tvshowdata/tvshowdata.go:200.2,200.43 1 0
showcal-backend-go/tvshowdata/tvshowdata.go:205.2,205.18 1 0
showcal-backend-go/tvshowdata/tvshowdata.go:174.21,177.3 2 0
showcal-backend-go/tvshowdata/tvshowdata.go:178.43,182.3 2 0
showcal-backend-go/tvshowdata/tvshowdata.go:185.16,188.3 2 0
showcal-backend-go/tvshowdata/tvshowdata.go:189.18,192.3 1 0
showcal-backend-go/tvshowdata/tvshowdata.go:196.23,199.3 2 0
showcal-backend-go/tvshowdata/tvshowdata.go:200.43,203.3 2 0
showcal-backend-go/tvshowdata/tvshowdata.go:209.70,211.25 2 0
showcal-backend-go/tvshowdata/tvshowdata.go:216.2,216.42 1 0
showcal-backend-go/tvshowdata/tvshowdata.go:221.2,221.18 1 0
showcal-backend-go/tvshowdata/tvshowdata.go:211.25,215.3 3 0
showcal-backend-go/tvshowdata/tvshowdata.go:216.42,219.3 1 0
showcal-backend-go/tvshowdata/tvshowdata.go:225.59,229.55 4 0
showcal-backend-go/tvshowdata/tvshowdata.go:237.2,240.59 3 0
showcal-backend-go/tvshowdata/tvshowdata.go:257.2,257.28 1 0
showcal-backend-go/tvshowdata/tvshowdata.go:229.55,232.3 1 0
showcal-backend-go/tvshowdata/tvshowdata.go:232.8,234.3 1 0
showcal-backend-go/tvshowdata/tvshowdata.go:240.59,243.17 3 0
showcal-backend-go/tvshowdata/tvshowdata.go:250.3,254.14 3 0
showcal-backend-go/tvshowdata/tvshowdata.go:243.17,248.4 3 0
showcal-backend-go/tvshowdata/tvshowdata.go:261.63,267.53 5 0
showcal-backend-go/tvshowdata/tvshowdata.go:271.2,271.24 1 0
showcal-backend-go/tvshowdata/tvshowdata.go:275.2,275.51 1 0
showcal-backend-go/tvshowdata/tvshowdata.go:281.2,285.57 4 0
showcal-backend-go/tvshowdata/tvshowdata.go:305.2,305.30 1 0
showcal-backend-go/tvshowdata/tvshowdata.go:267.53,270.3 2 0
showcal-backend-go/tvshowdata/tvshowdata.go:271.24,274.3 2 0
showcal-backend-go/tvshowdata/tvshowdata.go:275.51,278.3 2 0
showcal-backend-go/tvshowdata/tvshowdata.go:285.57,288.17 3 0
showcal-backend-go/tvshowdata/tvshowdata.go:295.3,298.33 3 0
showcal-backend-go/tvshowdata/tvshowdata.go:302.3,302.14 1 0
showcal-backend-go/tvshowdata/tvshowdata.go:288.17,293.4 3 0
showcal-backend-go/tvshowdata/tvshowdata.go:298.33,300.4 1 0
showcal-backend-go/tvshowdata/tvshowdata.go:309.52,311.16 2 0
showcal-backend-go/tvshowdata/tvshowdata.go:316.2,317.16 2 0
showcal-backend-go/tvshowdata/tvshowdata.go:323.2,324.16 2 0
showcal-backend-go/tvshowdata/tvshowdata.go:329.2,329.21 1 0
showcal-backend-go/tvshowdata/tvshowdata.go:335.2,335.34 1 0
showcal-backend-go/tvshowdata/tvshowdata.go:311.16,314.3 2 0
showcal-backend-go/tvshowdata/tvshowdata.go:317.16,321.3 3 0
showcal-backend-go/tvshowdata/tvshowdata.go:324.16,328.3 3 0
showcal-backend-go/tvshowdata/tvshowdata.go:329.21,333.3 2 0
showcal-backend-go/tvshowdata/tvshowdata.go:339.59,342.16 3 0
showcal-backend-go/tvshowdata/tvshowdata.go:348.2,349.16 2 0
showcal-backend-go/tvshowdata/tvshowdata.go:354.2,354.25 1 0
showcal-backend-go/tvshowdata/tvshowdata.go:360.2,360.36 1 0
showcal-backend-go/tvshowdata/tvshowdata.go:342.16,346.3 3 0
showcal-backend-go/tvshowdata/tvshowdata.go:349.16,353.3 3 0
showcal-backend-go/tvshowdata/tvshowdata.go:354.25,358.3 2 0
showcal-backend-go/tvshowdata/tvshowdata.go:364.53,365.17 1 1
showcal-backend-go/tvshowdata/tvshowdata.go:371.2,372.50 2 1
showcal-backend-go/tvshowdata/tvshowdata.go:365.17,369.3 2 1
showcal-backend-go/tvshowdata/tvshowdata.go:376.41,378.2 1 1
